<?xml version="1.0" encoding="UTF-8"?>
<!-- Generated by org.testng.reporters.JUnitXMLReporter -->
<testsuite ignored="0" hostname="AGI-LT-1935" failures="0" tests="2" name="Test" time="22.625" errors="0" timestamp="2021-10-26T09:57:31 IST">
  <testcase classname="GoogleTest.TS002" name="@AfterTest BrowserClose" time="0.001">
    <failure type="java.lang.Error" message="Unresolved compilation problem: 
	The attribute priority is undefined for the annotation type AfterTest
">
      <![CDATA[java.lang.Error: Unresolved compilation problem: 
The attribute priority is undefined for the annotation type AfterTest

at GoogleTest.TS002.BrowserClose(TS002.java:36)
... Removed 24 stack frames]]>
    </failure>
  </testcase> <!-- @AfterTest BrowserClose -->
  <testcase classname="GoogleTest.TS003" name="@AfterTest BrowserClose" time="-1.635222451287E9">
    <skipped/>
  </testcase> <!-- @AfterTest BrowserClose -->
  <testcase classname="GoogleTest.TS002" name="STEP02" time="14.92"/>
  <testcase classname="GoogleTest.TS003" name="STEP03" time="7.668"/>
</testsuite> <!-- Test -->
